<?xml version="1.0" encoding="UTF-8"?>
<!-- Generated by org.testng.reporters.JUnitXMLReporter -->
<testsuite ignored="0" hostname="mds-MacBook-Pro.local" failures="0" tests="2" name="Test" time="17.719" errors="0" timestamp="03 Feb 2019 16:47:58 GMT">
  <testcase classname="TestCases.UserAbleToValidateUserNameInputField" name="userAbleToValidateUserNameInputField" time="8.42"/>
  <testcase classname="TestCases.ElementVerification" name="userAbleToValidateUserNameInputField" time="2.032"/>
</testsuite> <!-- Test -->
