<?xml version="1.0" encoding="UTF-8"?>
<testng-results ignored="0" total="2" passed="2" failed="0" skipped="0">
  <reporter-output>
  </reporter-output>
  <suite started-at="2019-02-03T16:47:40Z" name="Suite" finished-at="2019-02-03T16:47:58Z" duration-ms="17719">
    <groups>
    </groups>
    <test started-at="2019-02-03T16:47:40Z" name="Test" finished-at="2019-02-03T16:47:58Z" duration-ms="17719">
      <class name="TestCases.ElementVerification">
        <test-method is-config="true" signature="beforeClass()[pri:0, instance:TestCases.ElementVerification@5b94b04d]" started-at="2019-02-03T16:47:52Z" name="beforeClass" finished-at="2019-02-03T16:47:53Z" duration-ms="905" status="PASS">
          <reporter-output>
          </reporter-output>
        </test-method> <!-- beforeClass -->
        <test-method is-config="true" signature="beforeMethod()[pri:0, instance:TestCases.ElementVerification@5b94b04d]" started-at="2019-02-03T16:47:53Z" name="beforeMethod" finished-at="2019-02-03T16:47:56Z" duration-ms="2234" status="PASS">
          <reporter-output>
          </reporter-output>
        </test-method> <!-- beforeMethod -->
        <test-method signature="userAbleToValidateUserNameInputField()[pri:0, instance:TestCases.ElementVerification@5b94b04d]" started-at="2019-02-03T16:47:56Z" name="userAbleToValidateUserNameInputField" finished-at="2019-02-03T16:47:58Z" duration-ms="2032" status="PASS">
          <reporter-output>
          </reporter-output>
        </test-method> <!-- userAbleToValidateUserNameInputField -->
        <test-method is-config="true" signature="afterMethod()[pri:0, instance:TestCases.ElementVerification@5b94b04d]" started-at="2019-02-03T16:47:58Z" name="afterMethod" finished-at="2019-02-03T16:47:58Z" duration-ms="0" status="PASS">
          <reporter-output>
          </reporter-output>
        </test-method> <!-- afterMethod -->
        <test-method is-config="true" signature="afterClass()[pri:0, instance:TestCases.ElementVerification@5b94b04d]" started-at="2019-02-03T16:47:58Z" name="afterClass" finished-at="2019-02-03T16:47:58Z" duration-ms="138" status="PASS">
          <reporter-output>
          </reporter-output>
        </test-method> <!-- afterClass -->
      </class> <!-- TestCases.ElementVerification -->
      <class name="TestCases.UserAbleToValidateUserNameInputField">
        <test-method is-config="true" signature="beforeClass()[pri:0, instance:TestCases.UserAbleToValidateUserNameInputField@385e9564]" started-at="2019-02-03T16:47:40Z" name="beforeClass" finished-at="2019-02-03T16:47:42Z" duration-ms="1417" status="PASS">
          <reporter-output>
          </reporter-output>
        </test-method> <!-- beforeClass -->
        <test-method is-config="true" signature="beforeMethod()[pri:0, instance:TestCases.UserAbleToValidateUserNameInputField@385e9564]" started-at="2019-02-03T16:47:42Z" name="beforeMethod" finished-at="2019-02-03T16:47:44Z" duration-ms="2453" status="PASS">
          <reporter-output>
          </reporter-output>
        </test-method> <!-- beforeMethod -->
        <test-method signature="userAbleToValidateUserNameInputField()[pri:0, instance:TestCases.UserAbleToValidateUserNameInputField@385e9564]" started-at="2019-02-03T16:47:44Z" name="userAbleToValidateUserNameInputField" finished-at="2019-02-03T16:47:52Z" duration-ms="8420" status="PASS">
          <reporter-output>
          </reporter-output>
        </test-method> <!-- userAbleToValidateUserNameInputField -->
        <test-method is-config="true" signature="afterClass()[pri:0, instance:TestCases.UserAbleToValidateUserNameInputField@385e9564]" started-at="2019-02-03T16:47:52Z" name="afterClass" finished-at="2019-02-03T16:47:52Z" duration-ms="103" status="PASS">
          <reporter-output>
          </reporter-output>
        </test-method> <!-- afterClass -->
        <test-method is-config="true" signature="afterMethod()[pri:0, instance:TestCases.UserAbleToValidateUserNameInputField@385e9564]" started-at="2019-02-03T16:47:52Z" name="afterMethod" finished-at="2019-02-03T16:47:52Z" duration-ms="0" status="PASS">
          <reporter-output>
          </reporter-output>
        </test-method> <!-- afterMethod -->
      </class> <!-- TestCases.UserAbleToValidateUserNameInputField -->
    </test> <!-- Test -->
  </suite> <!-- Suite -->
</testng-results>
